Installing OpenStack client.

WARNING: apt does not have a stable CLI interface. Use with caution in scripts.

Reading package lists...
Building dependency tree...
Reading state information...
The following additional packages will be installed:
  docutils-common ieee-data libgraphite2-3 libharfbuzz0b libimagequant0
  liblcms2-2 libopenjp2-7 libpaper-utils libpaper1 libraqm0 libwebpdemux2
  libwebpmux3 python-babel-localedata python3-appdirs python3-autopage
  python3-babel python3-bs4 python3-certifi python3-cinderclient python3-cliff
  python3-cmd2 python3-dateutil python3-debtcollector python3-decorator
  python3-deprecation python3-docutils python3-dogpile.cache python3-html5lib
  python3-iso8601 python3-jmespath python3-json-pointer python3-jsonpatch
  python3-keystoneauth1 python3-keystoneclient python3-lxml python3-mako
  python3-markupsafe python3-monotonic python3-msgpack python3-munch
  python3-netaddr python3-novaclient python3-olefile python3-openstacksdk
  python3-os-client-config python3-os-service-types python3-osc-lib
  python3-oslo.config python3-oslo.context python3-oslo.i18n python3-oslo.log
  python3-oslo.serialization python3-oslo.utils python3-packaging python3-pil
  python3-prettytable python3-pygments python3-pyinotify python3-pyperclip
  python3-requests python3-requestsexceptions python3-rfc3986 python3-roman
  python3-simplejson python3-soupsieve python3-stevedore python3-tz
  python3-urllib3 python3-wcwidth python3-webencodings python3-wrapt sgml-base
  xml-core
Suggested packages:
  liblcms2-utils python-cliff-doc python-debtcollector-doc docutils-doc
  fonts-linuxlibertine | ttf-linux-libertine texlive-lang-french
  texlive-latex-base texlive-latex-recommended python3-genshi
  python-keystoneauth1-doc python3-requests-kerberos python-lxml-doc
  python3-beaker python-mako-doc ipython3 python-netaddr-docs
  python-openstacksdk-doc python-os-client-config-doc
  python-os-service-types-doc python-osc-lib-doc python-oslo.log-doc
  python-pil-doc python-pygments-doc ttf-bitstream-vera python-pyinotify-doc
  python3-socks python-requests-doc sgml-base-doc debhelper
The following NEW packages will be installed:
  docutils-common ieee-data libgraphite2-3 libharfbuzz0b libimagequant0
  liblcms2-2 libopenjp2-7 libpaper-utils libpaper1 libraqm0 libwebpdemux2
  libwebpmux3 python-babel-localedata python3-appdirs python3-autopage
  python3-babel python3-bs4 python3-certifi python3-cinderclient python3-cliff
  python3-cmd2 python3-dateutil python3-debtcollector python3-decorator
  python3-deprecation python3-docutils python3-dogpile.cache python3-html5lib
  python3-iso8601 python3-jmespath python3-json-pointer python3-jsonpatch
  python3-keystoneauth1 python3-keystoneclient python3-lxml python3-mako
  python3-markupsafe python3-monotonic python3-msgpack python3-munch
  python3-netaddr python3-novaclient python3-olefile python3-openstackclient
  python3-openstacksdk python3-os-client-config python3-os-service-types
  python3-osc-lib python3-oslo.config python3-oslo.context python3-oslo.i18n
  python3-oslo.log python3-oslo.serialization python3-oslo.utils
  python3-packaging python3-pil python3-prettytable python3-pygments
  python3-pyinotify python3-pyperclip python3-requests
  python3-requestsexceptions python3-rfc3986 python3-roman python3-simplejson
  python3-soupsieve python3-stevedore python3-tz python3-urllib3
  python3-wcwidth python3-webencodings python3-wrapt sgml-base xml-core
0 upgraded, 74 newly installed, 0 to remove and 10 not upgraded.
Need to get 1,769 kB/14.3 MB of archives.
After this operation, 82.5 MB of additional disk space will be used.
Get:1 http://archive.ubuntu.com/ubuntu jammy/main amd64 python3-pyperclip all 1.8.2-2 [11.5 kB]
Err:2 http://archive.ubuntu.com/ubuntu jammy/main amd64 python3-wcwidth all 0.2.5+dfsg1-1
  400  Bad Request [IP: 185.125.190.36 80]
Get:3 http://archive.ubuntu.com/ubuntu jammy/main amd64 python3-cmd2 all 2.3.3-1 [124 kB]
Err:4 http://archive.ubuntu.com/ubuntu jammy/main amd64 libpaper-utils amd64 1.1.28build2
  400  Bad Request [IP: 185.125.190.36 80]
Get:5 http://archive.ubuntu.com/ubuntu jammy/main amd64 python3-appdirs all 1.4.4-2 [11.4 kB]
Err:6 http://archive.ubuntu.com/ubuntu jammy/main amd64 python3-autopage all 0.4.0-3
  400  Bad Request [IP: 185.125.190.36 80]
Get:7 http://archive.ubuntu.com/ubuntu jammy/main amd64 python3-prettytable all 2.5.0-2 [31.3 kB]
Err:8 http://archive.ubuntu.com/ubuntu jammy/main amd64 python3-simplejson amd64 3.17.6-1build1
  400  Bad Request [IP: 185.125.190.36 80]
Get:9 http://archive.ubuntu.com/ubuntu jammy/main amd64 python3-cinderclient all 1:8.3.0-0ubuntu1 [132 kB]
Err:10 http://archive.ubuntu.com/ubuntu jammy/main amd64 python3-cliff all 3.10.0-0ubuntu1
  400  Bad Request [IP: 185.125.190.36 80]
Get:11 http://archive.ubuntu.com/ubuntu jammy/main amd64 python3-deprecation all 2.1.0-2 [9,032 B]
Err:12 http://archive.ubuntu.com/ubuntu jammy/main amd64 python3-jmespath all 0.10.0-1
  400  Bad Request [IP: 185.125.190.36 80]
Get:13 http://archive.ubuntu.com/ubuntu jammy/main amd64 python3-json-pointer all 2.0-0ubuntu1 [8,320 B]
Get:14 http://archive.ubuntu.com/ubuntu jammy/main amd64 python3-jsonpatch all 1.32-2 [12.7 kB]
Get:15 http://archive.ubuntu.com/ubuntu jammy/main amd64 python3-novaclient all 2:17.6.0-0ubuntu1 [179 kB]
Get:16 http://archive.ubuntu.com/ubuntu jammy/main amd64 python3-munch all 2.5.0-1 [10.8 kB]
Get:17 http://archive.ubuntu.com/ubuntu jammy/main amd64 python3-requestsexceptions all 1.4.0-3 [4,232 B]
Get:18 http://archive.ubuntu.com/ubuntu jammy/main amd64 python3-openstacksdk all 0.61.0-0ubuntu1 [576 kB]
Get:19 http://archive.ubuntu.com/ubuntu jammy/main amd64 python3-os-client-config all 2.1.0-0ubuntu3 [18.8 kB]
Get:20 http://archive.ubuntu.com/ubuntu jammy/main amd64 python3-osc-lib all 2.5.0-0ubuntu1 [52.9 kB]
Get:21 http://archive.ubuntu.com/ubuntu jammy/main amd64 python3-openstackclient all 5.8.0-0ubuntu1 [424 kB]
Fetched 1,606 kB in 6s (267 kB/s)
E: Failed to fetch http://archive.ubuntu.com/ubuntu/pool/main/w/wcwidth/python3-wcwidth_0.2.5%2bdfsg1-1_all.deb  400  Bad Request [IP: 185.125.190.36 80]
E: Failed to fetch http://archive.ubuntu.com/ubuntu/pool/main/libp/libpaper/libpaper-utils_1.1.28build2_amd64.deb  400  Bad Request [IP: 185.125.190.36 80]
E: Failed to fetch http://archive.ubuntu.com/ubuntu/pool/main/p/python-autopage/python3-autopage_0.4.0-3_all.deb  400  Bad Request [IP: 185.125.190.36 80]
E: Failed to fetch http://archive.ubuntu.com/ubuntu/pool/main/s/simplejson/python3-simplejson_3.17.6-1build1_amd64.deb  400  Bad Request [IP: 185.125.190.36 80]
E: Failed to fetch http://archive.ubuntu.com/ubuntu/pool/main/p/python-cliff/python3-cliff_3.10.0-0ubuntu1_all.deb  400  Bad Request [IP: 185.125.190.36 80]
E: Failed to fetch http://archive.ubuntu.com/ubuntu/pool/main/p/python-jmespath/python3-jmespath_0.10.0-1_all.deb  400  Bad Request [IP: 185.125.190.36 80]
E: Unable to fetch some archives, maybe run apt-get update or try with --fix-missing?
