Success. Node storage in mgmt: 10.10.1.41.
IP address of this node's interface in management network: 10.10.1.41.
meta-data=/dev/sdb               isize=512    agcount=4, agsize=262144 blks
         =                       sectsz=512   attr=2, projid32bit=1
         =                       crc=1        finobt=1, sparse=1, rmapbt=0
         =                       reflink=1    bigtime=0 inobtcount=0
data     =                       bsize=4096   blocks=1048576, imaxpct=25
         =                       sunit=0      swidth=0 blks
naming   =version 2              bsize=4096   ascii-ci=0, ftype=1
log      =internal log           bsize=4096   blocks=2560, version=2
         =                       sectsz=512   sunit=0 blks, lazy-count=1
realtime =none                   extsz=4096   blocks=0, rtextents=0
meta-data=/dev/sdc               isize=512    agcount=4, agsize=262144 blks
         =                       sectsz=512   attr=2, projid32bit=1
         =                       crc=1        finobt=1, sparse=1, rmapbt=0
         =                       reflink=1    bigtime=0 inobtcount=0
data     =                       bsize=4096   blocks=1048576, imaxpct=25
         =                       sunit=0      swidth=0 blks
naming   =version 2              bsize=4096   ascii-ci=0, ftype=1
log      =internal log           bsize=4096   blocks=2560, version=2
         =                       sectsz=512   sunit=0 blks, lazy-count=1
realtime =none                   extsz=4096   blocks=0, rtextents=0
/dev/sdb /srv/node/sdb xfs noatime 0 2
/dev/sdc /srv/node/sdc xfs noatime 0 2
'/etc/rsyncd.conf' -> '/tmp/000_etc_rsyncd.conf.iniset'
'/etc/rsyncd.conf' -> '/tmp/001_etc_rsyncd.conf.iniset'
'/etc/rsyncd.conf' -> '/tmp/002_etc_rsyncd.conf.iniset'
'/etc/rsyncd.conf' -> '/tmp/003_etc_rsyncd.conf.iniset'
iniset /tmp/003_etc_rsyncd.conf.iniset object path /srv/node/
'/etc/default/rsync' -> '/tmp/004_etc_default_rsync.iniset'
start the rsync service.
Synchronizing state of rsync.service with SysV service script with /lib/systemd/systemd-sysv-install.
Executing: /lib/systemd/systemd-sysv-install enable rsync
● rsync.service - fast remote file copy program daemon
     Loaded: loaded (/lib/systemd/system/rsync.service; enabled; vendor preset: enabled)
     Active: active (running) since Sat 2023-10-28 17:37:39 IST; 8ms ago
       Docs: man:rsync(1)
             man:rsyncd.conf(5)
   Main PID: 16287 (rsync)
      Tasks: 1 (limit: 2893)
     Memory: 788.0K
        CPU: 7ms
     CGroup: /system.slice/rsync.service
             └─16287 /usr/bin/rsync --daemon --no-detach

Oct 28 17:37:39 storage systemd[1]: Started fast remote file copy program daemon.
Oct 28 17:37:39 storage rsyncd[16287]: rsyncd version 3.2.7 starting, listening on port 873
  % Total    % Received % Xferd  Average Speed   Time    Time     Time  Current
                                 Dload  Upload   Total   Spent    Left  Speed
  0     0    0     0    0     0      0      0 --:--:-- --:--:-- --:--:--     0  0     0    0     0    0     0      0      0 --:--:-- --:--:-- --:--:--     0100 11752  100 11752    0     0   7210      0  0:00:01  0:00:01 --:--:--  7214
  % Total    % Received % Xferd  Average Speed   Time    Time     Time  Current
                                 Dload  Upload   Total   Spent    Left  Speed
  0     0    0     0    0     0      0      0 --:--:-- --:--:-- --:--:--     0  0     0    0     0    0     0      0      0 --:--:-- --:--:-- --:--:--     0 84 19579   84 16384    0     0  14550      0  0:00:01  0:00:01 --:--:-- 14550100 19579  100 19579    0     0  17108      0  0:00:01  0:00:01 --:--:-- 17099
  % Total    % Received % Xferd  Average Speed   Time    Time     Time  Current
                                 Dload  Upload   Total   Spent    Left  Speed
  0     0    0     0    0     0      0      0 --:--:-- --:--:-- --:--:--     0 30 24383   30  7447    0     0   6211      0  0:00:03  0:00:01  0:00:02  6216100 24383  100 24383    0     0  16634      0  0:00:01  0:00:01 --:--:-- 16643
'/etc/swift/account-server.conf' -> '/tmp/005_etc_swift_account-server.conf.iniset'
iniset /tmp/005_etc_swift_account-server.conf.iniset DEFAULT bind_ip 10.10.1.41
'/etc/swift/account-server.conf' -> '/tmp/006_etc_swift_account-server.conf.iniset'
iniset /tmp/006_etc_swift_account-server.conf.iniset DEFAULT bind_port 6202
'/etc/swift/account-server.conf' -> '/tmp/007_etc_swift_account-server.conf.iniset'
iniset /tmp/007_etc_swift_account-server.conf.iniset DEFAULT user swift
'/etc/swift/account-server.conf' -> '/tmp/008_etc_swift_account-server.conf.iniset'
iniset /tmp/008_etc_swift_account-server.conf.iniset DEFAULT swift_dir /etc/swift
'/etc/swift/account-server.conf' -> '/tmp/009_etc_swift_account-server.conf.iniset'
iniset /tmp/009_etc_swift_account-server.conf.iniset DEFAULT devices /srv/node
'/etc/swift/account-server.conf' -> '/tmp/010_etc_swift_account-server.conf.iniset'
iniset /tmp/010_etc_swift_account-server.conf.iniset DEFAULT mount_check True
'/etc/swift/account-server.conf' -> '/tmp/011_etc_swift_account-server.conf.iniset'
iniset /tmp/011_etc_swift_account-server.conf.iniset pipeline:main pipeline healthcheck recon account-server
'/etc/swift/account-server.conf' -> '/tmp/012_etc_swift_account-server.conf.iniset'
iniset /tmp/012_etc_swift_account-server.conf.iniset filter:recon use egg:swift#recon
'/etc/swift/account-server.conf' -> '/tmp/013_etc_swift_account-server.conf.iniset'
iniset /tmp/013_etc_swift_account-server.conf.iniset filter:recon recon_cache_path /var/cache/swift
'/etc/swift/container-server.conf' -> '/tmp/014_etc_swift_container-server.conf.iniset'
iniset /tmp/014_etc_swift_container-server.conf.iniset DEFAULT bind_ip 10.10.1.41
'/etc/swift/container-server.conf' -> '/tmp/015_etc_swift_container-server.conf.iniset'
iniset /tmp/015_etc_swift_container-server.conf.iniset DEFAULT bind_port 6201
'/etc/swift/container-server.conf' -> '/tmp/016_etc_swift_container-server.conf.iniset'
iniset /tmp/016_etc_swift_container-server.conf.iniset DEFAULT user swift
'/etc/swift/container-server.conf' -> '/tmp/017_etc_swift_container-server.conf.iniset'
iniset /tmp/017_etc_swift_container-server.conf.iniset DEFAULT swift_dir /etc/swift
'/etc/swift/container-server.conf' -> '/tmp/018_etc_swift_container-server.conf.iniset'
iniset /tmp/018_etc_swift_container-server.conf.iniset DEFAULT devices /srv/node
'/etc/swift/container-server.conf' -> '/tmp/019_etc_swift_container-server.conf.iniset'
iniset /tmp/019_etc_swift_container-server.conf.iniset DEFAULT mount_check True
'/etc/swift/container-server.conf' -> '/tmp/020_etc_swift_container-server.conf.iniset'
iniset /tmp/020_etc_swift_container-server.conf.iniset pipeline:main pipeline healthcheck recon container-server
'/etc/swift/container-server.conf' -> '/tmp/021_etc_swift_container-server.conf.iniset'
iniset /tmp/021_etc_swift_container-server.conf.iniset filter:recon use egg:swift#recon
'/etc/swift/container-server.conf' -> '/tmp/022_etc_swift_container-server.conf.iniset'
iniset /tmp/022_etc_swift_container-server.conf.iniset filter:recon recon_cache_path /var/cache/swift
'/etc/swift/object-server.conf' -> '/tmp/023_etc_swift_object-server.conf.iniset'
iniset /tmp/023_etc_swift_object-server.conf.iniset DEFAULT bind_ip 10.10.1.41
'/etc/swift/object-server.conf' -> '/tmp/024_etc_swift_object-server.conf.iniset'
iniset /tmp/024_etc_swift_object-server.conf.iniset DEFAULT bind_port 6200
'/etc/swift/object-server.conf' -> '/tmp/025_etc_swift_object-server.conf.iniset'
iniset /tmp/025_etc_swift_object-server.conf.iniset DEFAULT user swift
'/etc/swift/object-server.conf' -> '/tmp/026_etc_swift_object-server.conf.iniset'
iniset /tmp/026_etc_swift_object-server.conf.iniset DEFAULT swift_dir /etc/swift
'/etc/swift/object-server.conf' -> '/tmp/027_etc_swift_object-server.conf.iniset'
iniset /tmp/027_etc_swift_object-server.conf.iniset DEFAULT devices /srv/node
'/etc/swift/object-server.conf' -> '/tmp/028_etc_swift_object-server.conf.iniset'
iniset /tmp/028_etc_swift_object-server.conf.iniset DEFAULT mount_check True
'/etc/swift/object-server.conf' -> '/tmp/029_etc_swift_object-server.conf.iniset'
iniset /tmp/029_etc_swift_object-server.conf.iniset pipeline:main pipeline healthcheck recon object-server
'/etc/swift/object-server.conf' -> '/tmp/030_etc_swift_object-server.conf.iniset'
iniset /tmp/030_etc_swift_object-server.conf.iniset filter:recon use egg:swift#recon
'/etc/swift/object-server.conf' -> '/tmp/031_etc_swift_object-server.conf.iniset'
iniset /tmp/031_etc_swift_object-server.conf.iniset filter:recon recon_cache_path /var/cache/swift
'/etc/swift/object-server.conf' -> '/tmp/032_etc_swift_object-server.conf.iniset'
iniset /tmp/032_etc_swift_object-server.conf.iniset filter:recon recon_lock_path /var/lock
