Installing OpenStack client.

WARNING: apt does not have a stable CLI interface. Use with caution in scripts.

Reading package lists...
Building dependency tree...
Reading state information...
python3-openstackclient is already the newest version (5.8.0-0ubuntu1).
0 upgraded, 0 newly installed, 0 to remove and 14 not upgraded.

WARNING: apt does not have a stable CLI interface. Use with caution in scripts.

Reading package lists...
Building dependency tree...
Reading state information...
Calculating upgrade...
#
# Canonical released microcode updates for both Intel (CVE-2022-40982) and AMD
# (CVE-2023-20593). ‘Unattended upgrades’ provide security updates by default.
# Ensure it remains enabled to always get all updates as they become available.
#
The following packages have been kept back:
  bind9-dnsutils bind9-host bind9-libs keystone-common libnss-mymachines
  libnss-systemd libpam-systemd libsystemd0 libudev1 python3-keystone systemd
  systemd-container systemd-sysv udev
0 upgraded, 0 newly installed, 0 to remove and 14 not upgraded.

WARNING: apt does not have a stable CLI interface. Use with caution in scripts.

Reading package lists...
Building dependency tree...
Reading state information...
Calculating upgrade...
#
# Canonical released microcode updates for both Intel (CVE-2022-40982) and AMD
# (CVE-2023-20593). ‘Unattended upgrades’ provide security updates by default.
# Ensure it remains enabled to always get all updates as they become available.
#
The following packages have been kept back:
  bind9-dnsutils bind9-host bind9-libs keystone-common libnss-mymachines
  libnss-systemd libpam-systemd libsystemd0 libudev1 python3-keystone systemd
  systemd-container systemd-sysv udev
0 upgraded, 0 newly installed, 0 to remove and 14 not upgraded.

WARNING: apt does not have a stable CLI interface. Use with caution in scripts.

Reading package lists...
Building dependency tree...
Reading state information...
0 upgraded, 0 newly installed, 0 to remove and 14 not upgraded.

WARNING: apt does not have a stable CLI interface. Use with caution in scripts.


WARNING: apt does not have a stable CLI interface. Use with caution in scripts.

Reading package lists...
Building dependency tree...
Reading state information...
ifupdown is already the newest version (0.8.36+nmu1ubuntu3).
0 upgraded, 0 newly installed, 0 to remove and 14 not upgraded.
Installing curl, tree (they are small and useful).

WARNING: apt does not have a stable CLI interface. Use with caution in scripts.

Reading package lists...
Building dependency tree...
Reading state information...
tree is already the newest version (2.0.2-1).
curl is already the newest version (7.81.0-1ubuntu1.14).
0 upgraded, 0 newly installed, 0 to remove and 14 not upgraded.
