Configuring neutron for compute node.
Configuring /etc/neutron/neutron.conf.
Configuring RabbitMQ message queue access.
'/etc/neutron/neutron.conf' -> '/tmp/036_etc_neutron_neutron.conf.iniset'
iniset /tmp/036_etc_neutron_neutron.conf.iniset DEFAULT transport_url rabbit://openstack:rabbitPass@controller
'/etc/neutron/neutron.conf' -> '/tmp/037_etc_neutron_neutron.conf.iniset'
iniset /tmp/037_etc_neutron_neutron.conf.iniset DEFAULT auth_strategy keystone
'/etc/neutron/neutron.conf' -> '/tmp/038_etc_neutron_neutron.conf.iniset'
iniset /tmp/038_etc_neutron_neutron.conf.iniset keystone_authtoken www_authenticate_uri http://controller:5000
'/etc/neutron/neutron.conf' -> '/tmp/039_etc_neutron_neutron.conf.iniset'
iniset /tmp/039_etc_neutron_neutron.conf.iniset keystone_authtoken auth_url http://controller:5000
'/etc/neutron/neutron.conf' -> '/tmp/040_etc_neutron_neutron.conf.iniset'
iniset /tmp/040_etc_neutron_neutron.conf.iniset keystone_authtoken memcached_servers controller:11211
'/etc/neutron/neutron.conf' -> '/tmp/041_etc_neutron_neutron.conf.iniset'
iniset /tmp/041_etc_neutron_neutron.conf.iniset keystone_authtoken auth_type password
'/etc/neutron/neutron.conf' -> '/tmp/042_etc_neutron_neutron.conf.iniset'
iniset /tmp/042_etc_neutron_neutron.conf.iniset keystone_authtoken project_domain_name default
'/etc/neutron/neutron.conf' -> '/tmp/043_etc_neutron_neutron.conf.iniset'
iniset /tmp/043_etc_neutron_neutron.conf.iniset keystone_authtoken user_domain_name default
'/etc/neutron/neutron.conf' -> '/tmp/044_etc_neutron_neutron.conf.iniset'
iniset /tmp/044_etc_neutron_neutron.conf.iniset keystone_authtoken project_name service
'/etc/neutron/neutron.conf' -> '/tmp/045_etc_neutron_neutron.conf.iniset'
iniset /tmp/045_etc_neutron_neutron.conf.iniset keystone_authtoken username neutron
'/etc/neutron/neutron.conf' -> '/tmp/046_etc_neutron_neutron.conf.iniset'
iniset /tmp/046_etc_neutron_neutron.conf.iniset keystone_authtoken password neutronPass
'/etc/neutron/neutron.conf' -> '/tmp/047_etc_neutron_neutron.conf.iniset'
iniset /tmp/047_etc_neutron_neutron.conf.iniset oslo_concurrency lock_path /var/lib/neutron/tmp
