Configuring Compute to use Networking.
'/etc/nova/nova.conf' -> '/tmp/054_etc_nova_nova.conf.iniset'
iniset /tmp/054_etc_nova_nova.conf.iniset neutron auth_url http://controller:5000
'/etc/nova/nova.conf' -> '/tmp/055_etc_nova_nova.conf.iniset'
iniset /tmp/055_etc_nova_nova.conf.iniset neutron auth_type password
'/etc/nova/nova.conf' -> '/tmp/056_etc_nova_nova.conf.iniset'
iniset /tmp/056_etc_nova_nova.conf.iniset neutron project_domain_name default
'/etc/nova/nova.conf' -> '/tmp/057_etc_nova_nova.conf.iniset'
iniset /tmp/057_etc_nova_nova.conf.iniset neutron user_domain_name default
'/etc/nova/nova.conf' -> '/tmp/058_etc_nova_nova.conf.iniset'
iniset /tmp/058_etc_nova_nova.conf.iniset neutron region_name RegionOne
'/etc/nova/nova.conf' -> '/tmp/059_etc_nova_nova.conf.iniset'
iniset /tmp/059_etc_nova_nova.conf.iniset neutron project_name service
'/etc/nova/nova.conf' -> '/tmp/060_etc_nova_nova.conf.iniset'
iniset /tmp/060_etc_nova_nova.conf.iniset neutron username neutron
'/etc/nova/nova.conf' -> '/tmp/061_etc_nova_nova.conf.iniset'
iniset /tmp/061_etc_nova_nova.conf.iniset neutron password neutronPass
Restarting the Compute service.
Restarting neutron-linuxbridge-agent.
Sourcing the admin credentials.
Listing agents to verify successful launch of the neutron agents.
openstack network agent list
+--------------------------------------+--------------------+------------+-------------------+-------+-------+---------------------------+
| ID                                   | Agent Type         | Host       | Availability Zone | Alive | State | Binary                    |
+--------------------------------------+--------------------+------------+-------------------+-------+-------+---------------------------+
| 3965d555-7de8-42c9-91f4-1ef1af800b45 | DHCP agent         | controller | nova              | :-)   | UP    | neutron-dhcp-agent        |
| c73fd6e4-fc27-43e0-9724-82f77491a30b | Metadata agent     | controller | None              | :-)   | UP    | neutron-metadata-agent    |
| dcc20b72-cd7e-498e-a5a7-649216d710e1 | Linux bridge agent | controller | None              | :-)   | UP    | neutron-linuxbridge-agent |
| eab1850d-a949-45f4-8878-5afb1de2156b | L3 agent           | controller | nova              | :-)   | UP    | neutron-l3-agent          |
+--------------------------------------+--------------------+------------+-------------------+-------+-------+---------------------------+
